<?xml version="1.0" encoding="UTF-8"?>
<testsuite xmlns:xsi="http://www.w3.org/2001/XMLSchema-instance" xsi:noNamespaceSchemaLocation="https://maven.apache.org/surefire/maven-surefire-plugin/xsd/surefire-test-report.xsd" version="3.0.2" name="io.doindev.codegraph.mcp.http.HttpEndToEndTest" time="8.788" tests="5" errors="0" skipped="0" failures="0">
  <properties>
[...]
</properties>
  <testcase name="scheduledExpiryIgnoresMcpListingsAndWatcherChanges" classname="io.doindev.codegraph.mcp.http.HttpEndToEndTest" time="6.865">
    <system-err><![CDATA[code-graph-http: [junit-7345193300816330085] indexed 1 files, 2 symbols, 1 edges
code-graph-http: 1 project(s) ready in 92 ms
SLF4J(W): No SLF4J providers were found.
SLF4J(W): Defaulting to no-operation (NOP) logger implementation
SLF4J(W): See https://www.slf4j.org/codes.html#noProviders for further details.
code-graph-http: serving MCP (streamable HTTP) on http://0.0.0.0:59896/mcp
code-graph-http: viz on http://0.0.0.0:59897/ (actions enabled)
code-graph-http: project idle TTL PT1S
code-graph: expired idle project 'junit-7345193300816330085'
]]></system-err>
  </testcase>
  <testcase name="mcpOnboardingWorksWithoutTheUi" classname="io.doindev.codegraph.mcp.http.HttpEndToEndTest" time="0.526">
    <system-err><![CDATA[code-graph-http: 0 project(s) ready in 0 ms
code-graph-http: serving MCP (streamable HTTP) on http://0.0.0.0:62638/mcp
code-graph-http: project idle TTL PT1H
]]></system-err>
  </testcase>
  <testcase name="initializeThenListToolsOverStreamableHttp" classname="io.doindev.codegraph.mcp.http.HttpEndToEndTest" time="0.072">
    <system-err><![CDATA[code-graph-http: [junit-6911798861954131728] indexed 1 files, 3 symbols, 2 edges
code-graph-http: 1 project(s) ready in 4 ms
code-graph-http: serving MCP (streamable HTTP) on http://0.0.0.0:62658/mcp
code-graph-http: project idle TTL PT1H
]]></system-err>
  </testcase>
  <testcase name="mcpOnboardingWorksWithReadOnlyUiAndUpdatesItsRoster" classname="io.doindev.codegraph.mcp.http.HttpEndToEndTest" time="0.509">
    <system-err><![CDATA[code-graph-http: 0 project(s) ready in 0 ms
code-graph-http: serving MCP (streamable HTTP) on http://0.0.0.0:62660/mcp
code-graph-http: viz on http://0.0.0.0:62661/ (read-only)
code-graph-http: project idle TTL PT1H
]]></system-err>
  </testcase>
  <testcase name="emptyWorkspaceServesUiAndStableMcpToolCatalog" classname="io.doindev.codegraph.mcp.http.HttpEndToEndTest" time="0.089">
    <system-err><![CDATA[code-graph-http: 0 project(s) ready in 0 ms
code-graph-http: serving MCP (streamable HTTP) on http://0.0.0.0:62683/mcp
code-graph-http: viz on http://0.0.0.0:62684/ (read-only)
code-graph-http: project idle TTL PT1H
]]></system-err>
  </testcase>
</testsuite>