<?xml version="1.0" encoding="UTF-8"?>
<testsuite xmlns:xsi="http://www.w3.org/2001/XMLSchema-instance" xsi:noNamespaceSchemaLocation="https://maven.apache.org/surefire/maven-surefire-plugin/xsd/surefire-test-report.xsd" version="3.0.2" name="io.doindev.codegraph.mcp.WorkspaceVizControlTest" time="0.275" tests="4" errors="0" skipped="0" failures="0">
  <properties>
[...]
</properties>
  <testcase name="explicitUiAndMcpReindexJobsHoldTheirLeaseUntilTheScanFinishes" classname="io.doindev.codegraph.mcp.WorkspaceVizControlTest" time="0.167">
    <system-err><![CDATA[code-graph: expired idle project 'junit-8640098044003555482'
code-graph: expired idle project 'junit-8640098044003555482'
]]></system-err>
  </testcase>
  <testcase name="uiOnboardingRejectsChildrenOfMcpOnboardedProjects" classname="io.doindev.codegraph.mcp.WorkspaceVizControlTest" time="0.026"/>
  <testcase name="cancellingTheFirstProjectLeavesAnEmptyWorkspace" classname="io.doindev.codegraph.mcp.WorkspaceVizControlTest" time="0.017"/>
  <testcase name="failedOnboardingDoesNotLeaveAGhostProject" classname="io.doindev.codegraph.mcp.WorkspaceVizControlTest" time="0.062"/>
</testsuite>