<?xml version="1.0" encoding="UTF-8"?>
<testsuite xmlns:xsi="http://www.w3.org/2001/XMLSchema-instance" xsi:noNamespaceSchemaLocation="https://maven.apache.org/surefire/maven-surefire-plugin/xsd/surefire-test-report.xsd" version="3.0.2" name="io.doindev.codegraph.mcp.CodeGraphMcpServerTest" time="0.406" tests="5" errors="0" skipped="0" failures="0">
  <properties>
[...]
</properties>
  <testcase name="annotationsAreConservativeForLiveJobsAndMutations" classname="io.doindev.codegraph.mcp.CodeGraphMcpServerTest" time="0.218"/>
  <testcase name="legacyArrayResultsHaveAnObjectStructuredEnvelope" classname="io.doindev.codegraph.mcp.CodeGraphMcpServerTest" time="0.066"/>
  <testcase name="handlerExecutesToolAndMapsResult" classname="io.doindev.codegraph.mcp.CodeGraphMcpServerTest" time="0.079">
    <system-err><![CDATA[SLF4J(W): No SLF4J providers were found.
SLF4J(W): Defaulting to no-operation (NOP) logger implementation
SLF4J(W): See https://www.slf4j.org/codes.html#noProviders for further details.
]]></system-err>
  </testcase>
  <testcase name="toolErrorBecomesErrorResultNotCrash" classname="io.doindev.codegraph.mcp.CodeGraphMcpServerTest" time="0.006"/>
  <testcase name="toolSpecificationCarriesNameDescriptionAndSchema" classname="io.doindev.codegraph.mcp.CodeGraphMcpServerTest" time="0.003"/>
</testsuite>