<?xml version="1.0" encoding="UTF-8"?>
<testsuite xmlns:xsi="http://www.w3.org/2001/XMLSchema-instance" xsi:noNamespaceSchemaLocation="https://maven.apache.org/surefire/maven-surefire-plugin/xsd/surefire-test-report.xsd" version="3.0.2" name="io.doindev.codegraph.store.arango.ArangoGraphStoreLiveTest" time="10.519" tests="3" errors="0" skipped="0" failures="0">
  <properties>
[...]
</properties>
  <testcase name="removeEdgesDeletesExactMatchesAndGenerationIsReadBackOnReconnect" classname="io.doindev.codegraph.store.arango.ArangoGraphStoreLiveTest" time="1.494">
    <system-err><![CDATA[SLF4J: Failed to load class "org.slf4j.impl.StaticLoggerBinder".
SLF4J: Defaulting to no-operation (NOP) logger implementation
SLF4J: See http://www.slf4j.org/codes.html#StaticLoggerBinder for further details.
SLF4J: Failed to load class "org.slf4j.impl.StaticMDCBinder".
SLF4J: Defaulting to no-operation MDCAdapter implementation.
SLF4J: See http://www.slf4j.org/codes.html#no_static_mdc_binder for further details.
]]></system-err>
  </testcase>
  <testcase name="replayRoundTripsRecordsExactly" classname="io.doindev.codegraph.store.arango.ArangoGraphStoreLiveTest" time="0.127"/>
  <testcase name="removedFileDropsItsNodesAndEveryTouchingEdge" classname="io.doindev.codegraph.store.arango.ArangoGraphStoreLiveTest" time="0.153"/>
</testsuite>