<?xml version="1.0" encoding="UTF-8"?>
<testsuite xmlns:xsi="http://www.w3.org/2001/XMLSchema-instance" xsi:noNamespaceSchemaLocation="https://maven.apache.org/surefire/maven-surefire-plugin/xsd/surefire-test-report.xsd" version="3.0.2" name="io.doindev.codegraph.linker.HttpRouteLinkerTest" time="0.325" tests="10" errors="0" skipped="0" failures="0">
  <properties>
[...]
</properties>
  <testcase name="discoveredViaServiceLoader" classname="io.doindev.codegraph.linker.HttpRouteLinkerTest" time="0.103"/>
  <testcase name="neverEmitsSelfEdges" classname="io.doindev.codegraph.linker.HttpRouteLinkerTest" time="0.044"/>
  <testcase name="tsClientLinksToPythonOrdersRouteWithMethodBonus" classname="io.doindev.codegraph.linker.HttpRouteLinkerTest" time="0.019"/>
  <testcase name="tsClientAlsoLinksToJavaSpringController" classname="io.doindev.codegraph.linker.HttpRouteLinkerTest" time="0.017"/>
  <testcase name="ignoredDirectoriesAndAssetsAreSkipped" classname="io.doindev.codegraph.linker.HttpRouteLinkerTest" time="0.02"/>
  <testcase name="tsClientLinksToPythonUsersRoute" classname="io.doindev.codegraph.linker.HttpRouteLinkerTest" time="0.015"/>
  <testcase name="scanSeesAllFixtureRoutesAndCalls" classname="io.doindev.codegraph.linker.HttpRouteLinkerTest" time="0.02"/>
  <testcase name="allEdgesAreHeuristicInvokesRemote" classname="io.doindev.codegraph.linker.HttpRouteLinkerTest" time="0.015"/>
  <testcase name="templateLiteralClientPathMatchesToo" classname="io.doindev.codegraph.linker.HttpRouteLinkerTest" time="0.017"/>
  <testcase name="unmatchedServerOnlyRouteProducesNoEdge" classname="io.doindev.codegraph.linker.HttpRouteLinkerTest" time="0.015"/>
</testsuite>