<?xml version="1.0" encoding="UTF-8"?>
<testsuite xmlns:xsi="http://www.w3.org/2001/XMLSchema-instance" xsi:noNamespaceSchemaLocation="https://maven.apache.org/surefire/maven-surefire-plugin/xsd/surefire-test-report.xsd" version="3.0.2" name="io.doindev.codegraph.store.neo4j.Neo4jGraphStoreLiveTest" time="21.796" tests="3" errors="0" skipped="0" failures="0">
  <properties>
[...]
</properties>
  <testcase name="removeEdgesDeletesExactFromToKindMatchesAndGenerationIsReadBack" classname="io.doindev.codegraph.store.neo4j.Neo4jGraphStoreLiveTest" time="4.782">
    <system-err><![CDATA[SLF4J: Failed to load class "org.slf4j.impl.StaticLoggerBinder".
SLF4J: Defaulting to no-operation (NOP) logger implementation
SLF4J: See http://www.slf4j.org/codes.html#StaticLoggerBinder for further details.
SLF4J: Failed to load class "org.slf4j.impl.StaticMDCBinder".
SLF4J: Defaulting to no-operation MDCAdapter implementation.
SLF4J: See http://www.slf4j.org/codes.html#no_static_mdc_binder for further details.
Sep 18, 2026 11:03:44 AM org.neo4j.driver.internal.logging.SystemLogger info
INFO: Driver instance 368727462 created for server uri 'bolt://localhost:53407'
]]></system-err>
  </testcase>
  <testcase name="replayRoundTripsRecordsExactly" classname="io.doindev.codegraph.store.neo4j.Neo4jGraphStoreLiveTest" time="0.35"/>
  <testcase name="removedFileDropsItsNodesAndEveryTouchingEdge" classname="io.doindev.codegraph.store.neo4j.Neo4jGraphStoreLiveTest" time="0.417"/>
</testsuite>