<?xml version="1.0" encoding="UTF-8"?>
<testsuite xmlns:xsi="http://www.w3.org/2001/XMLSchema-instance" xsi:noNamespaceSchemaLocation="https://maven.apache.org/surefire/maven-surefire-plugin/xsd/surefire-test-report.xsd" version="3.0.2" name="io.doindev.codegraph.lang.go.GoAnalyzerTest" time="0.306" tests="5" errors="0" skipped="0" failures="0">
  <properties>
[...]
</properties>
  <testcase name="declaresStructFields" classname="io.doindev.codegraph.lang.go.GoAnalyzerTest" time="0.08"/>
  <testcase name="collectsCalls" classname="io.doindev.codegraph.lang.go.GoAnalyzerTest" time="0.01"/>
  <testcase name="declaresFunctionsWithArity" classname="io.doindev.codegraph.lang.go.GoAnalyzerTest" time="0.004"/>
  <testcase name="declaresPackageQualifiedType" classname="io.doindev.codegraph.lang.go.GoAnalyzerTest" time="0.004"/>
  <testcase name="collectsImports" classname="io.doindev.codegraph.lang.go.GoAnalyzerTest" time="0.002"/>
</testsuite>